Started GET "/admin/users/2" for 127.0.0.1 at 2019-01-12 15:31:32 +0530
  
ActiveRecord::PendingMigrationError (

Migrations are pending. To resolve this issue, run:

        bin/rails db:migrate RAILS_ENV=development

):
  
activerecord (5.2.2) lib/active_record/migration.rb:579:in `check_pending!'
activerecord (5.2.2) lib/active_record/migration.rb:556:in `call'
actionpack (5.2.2) lib/action_dispatch/middleware/callbacks.rb:28:in `block in call'
activesupport (5.2.2) lib/active_support/callbacks.rb:98:in `run_callbacks'
actionpack (5.2.2) lib/action_dispatch/middleware/callbacks.rb:26:in `call'
actionpack (5.2.2) lib/action_dispatch/middleware/executor.rb:14:in `call'
actionpack (5.2.2) lib/action_dispatch/middleware/debug_exceptions.rb:61:in `call'
web-console (3.7.0) lib/web_console/middleware.rb:135:in `call_app'
web-console (3.7.0) lib/web_console/middleware.rb:30:in `block in call'
web-console (3.7.0) lib/web_console/middleware.rb:20:in `catch'
web-console (3.7.0) lib/web_console/middleware.rb:20:in `call'
actionpack (5.2.2) lib/action_dispatch/middleware/show_exceptions.rb:33:in `call'
railties (5.2.2) lib/rails/rack/logger.rb:38:in `call_app'
railties (5.2.2) lib/rails/rack/logger.rb:26:in `block in call'
activesupport (5.2.2) lib/active_support/tagged_logging.rb:71:in `block in tagged'
activesupport (5.2.2) lib/active_support/tagged_logging.rb:28:in `tagged'
activesupport (5.2.2) lib/active_support/tagged_logging.rb:71:in `tagged'
railties (5.2.2) lib/rails/rack/logger.rb:26:in `call'
sprockets-rails (3.2.1) lib/sprockets/rails/quiet_assets.rb:13:in `call'
actionpack (5.2.2) lib/action_dispatch/middleware/remote_ip.rb:81:in `call'
actionpack (5.2.2) lib/action_dispatch/middleware/request_id.rb:27:in `call'
rack (2.0.6) lib/rack/method_override.rb:22:in `call'
rack (2.0.6) lib/rack/runtime.rb:22:in `call'
activesupport (5.2.2) lib/active_support/cache/strategy/local_cache_middleware.rb:29:in `call'
actionpack (5.2.2) lib/action_dispatch/middleware/executor.rb:14:in `call'
actionpack (5.2.2) lib/action_dispatch/middleware/static.rb:127:in `call'
rack (2.0.6) lib/rack/sendfile.rb:111:in `call'
railties (5.2.2) lib/rails/engine.rb:524:in `call'
puma (3.12.0) lib/puma/configuration.rb:225:in `call'
puma (3.12.0) lib/puma/server.rb:658:in `handle_request'
puma (3.12.0) lib/puma/server.rb:472:in `process_client'
puma (3.12.0) lib/puma/server.rb:332:in `block in run'
puma (3.12.0) lib/puma/thread_pool.rb:133:in `block in spawn_thread'
  [1m[35m (0.1ms)[0m  [1m[34mSELECT sqlite_version(*)[0m
  ↳ /home/ajeeth/.rvm/gems/ruby-2.4.4/bin/rake:23
  [1m[35m (8.0ms)[0m  [1m[35mCREATE TABLE "schema_migrations" ("version" varchar NOT NULL PRIMARY KEY)[0m
  ↳ /home/ajeeth/.rvm/gems/ruby-2.4.4/bin/rake:23
  [1m[35m (5.5ms)[0m  [1m[35mCREATE TABLE "ar_internal_metadata" ("key" varchar NOT NULL PRIMARY KEY, "value" varchar, "created_at" datetime NOT NULL, "updated_at" datetime NOT NULL)[0m
  ↳ /home/ajeeth/.rvm/gems/ruby-2.4.4/bin/rake:23
  [1m[35m (0.2ms)[0m  [1m[34mSELECT "schema_migrations"."version" FROM "schema_migrations" ORDER BY "schema_migrations"."version" ASC[0m
  ↳ /home/ajeeth/.rvm/gems/ruby-2.4.4/bin/rake:23
Migrating to CreateMedia (20181231082613)
  [1m[35m (0.1ms)[0m  [1m[36mbegin transaction[0m
  ↳ /home/ajeeth/.rvm/gems/ruby-2.4.4/bin/rake:23
  [1m[35m (0.7ms)[0m  [1m[35mCREATE TABLE "media" ("id" integer PRIMARY KEY AUTOINCREMENT NOT NULL, "name" varchar, "media_type" integer, "episode_number" integer, "media_group_id" integer, "description" text, "created_at" datetime NOT NULL, "updated_at" datetime NOT NULL)[0m
  ↳ db/migrate/20181231082613_create_media.rb:3
  [1m[36mActiveRecord::SchemaMigration Create (0.2ms)[0m  [1m[32mINSERT INTO "schema_migrations" ("version") VALUES (?)[0m  [["version", "20181231082613"]]
  ↳ /home/ajeeth/.rvm/gems/ruby-2.4.4/bin/rake:23
  [1m[35m (5.9ms)[0m  [1m[36mcommit transaction[0m
  ↳ /home/ajeeth/.rvm/gems/ruby-2.4.4/bin/rake:23
Migrating to CreateMediumGroups (20181231082623)
  [1m[35m (0.1ms)[0m  [1m[36mbegin transaction[0m
  ↳ /home/ajeeth/.rvm/gems/ruby-2.4.4/bin/rake:23
  [1m[35m (0.9ms)[0m  [1m[35mCREATE TABLE "medium_groups" ("id" integer PRIMARY KEY AUTOINCREMENT NOT NULL, "name" varchar, "season" integer, "description" text, "created_at" datetime NOT NULL, "updated_at" datetime NOT NULL)[0m
  ↳ db/migrate/20181231082623_create_medium_groups.rb:3
  [1m[36mActiveRecord::SchemaMigration Create (0.2ms)[0m  [1m[32mINSERT INTO "schema_migrations" ("version") VALUES (?)[0m  [["version", "20181231082623"]]
  ↳ /home/ajeeth/.rvm/gems/ruby-2.4.4/bin/rake:23
  [1m[35m (22.4ms)[0m  [1m[36mcommit transaction[0m
  ↳ /home/ajeeth/.rvm/gems/ruby-2.4.4/bin/rake:23
Migrating to CreateUserMedia (20181231082632)
  [1m[35m (0.1ms)[0m  [1m[36mbegin transaction[0m
  ↳ /home/ajeeth/.rvm/gems/ruby-2.4.4/bin/rake:23
  [1m[35m (0.7ms)[0m  [1m[35mCREATE TABLE "user_media" ("id" integer PRIMARY KEY AUTOINCREMENT NOT NULL, "user_id" integer, "medium_id" integer, "created_at" datetime NOT NULL, "updated_at" datetime NOT NULL)[0m
  ↳ db/migrate/20181231082632_create_user_media.rb:3
  [1m[36mActiveRecord::SchemaMigration Create (0.1ms)[0m  [1m[32mINSERT INTO "schema_migrations" ("version") VALUES (?)[0m  [["version", "20181231082632"]]
  ↳ /home/ajeeth/.rvm/gems/ruby-2.4.4/bin/rake:23
  [1m[35m (3.7ms)[0m  [1m[36mcommit transaction[0m
  ↳ /home/ajeeth/.rvm/gems/ruby-2.4.4/bin/rake:23
Migrating to DeviseCreateUsers (20181231082856)
  [1m[35m (0.1ms)[0m  [1m[36mbegin transaction[0m
  ↳ /home/ajeeth/.rvm/gems/ruby-2.4.4/bin/rake:23
  [1m[35m (2.0ms)[0m  [1m[35mCREATE TABLE "users" ("id" integer PRIMARY KEY AUTOINCREMENT NOT NULL, "email" varchar DEFAULT '' NOT NULL, "encrypted_password" varchar DEFAULT '' NOT NULL, "reset_password_token" varchar, "reset_password_sent_at" datetime, "remember_created_at" datetime, "created_at" datetime NOT NULL, "updated_at" datetime NOT NULL)[0m
  ↳ db/migrate/20181231082856_devise_create_users.rb:5
  [1m[35m (0.8ms)[0m  [1m[35mCREATE UNIQUE INDEX "index_users_on_email" ON "users" ("email")[0m
  ↳ db/migrate/20181231082856_devise_create_users.rb:39
  [1m[35m (0.2ms)[0m  [1m[35mCREATE UNIQUE INDEX "index_users_on_reset_password_token" ON "users" ("reset_password_token")[0m
  ↳ db/migrate/20181231082856_devise_create_users.rb:40
  [1m[36mActiveRecord::SchemaMigration Create (0.2ms)[0m  [1m[32mINSERT INTO "schema_migrations" ("version") VALUES (?)[0m  [["version", "20181231082856"]]
  ↳ /home/ajeeth/.rvm/gems/ruby-2.4.4/bin/rake:23
  [1m[35m (14.1ms)[0m  [1m[36mcommit transaction[0m
  ↳ /home/ajeeth/.rvm/gems/ruby-2.4.4/bin/rake:23
Migrating to CreateActiveAdminComments (20181231082859)
  [1m[35m (0.1ms)[0m  [1m[36mbegin transaction[0m
  ↳ /home/ajeeth/.rvm/gems/ruby-2.4.4/bin/rake:23
  [1m[35m (0.7ms)[0m  [1m[35mCREATE TABLE "active_admin_comments" ("id" integer PRIMARY KEY AUTOINCREMENT NOT NULL, "namespace" varchar, "body" text, "resource_type" varchar, "resource_id" integer, "author_type" varchar, "author_id" integer, "created_at" datetime NOT NULL, "updated_at" datetime NOT NULL)[0m
  ↳ db/migrate/20181231082859_create_active_admin_comments.rb:3
  [1m[35m (0.1ms)[0m  [1m[35mCREATE  INDEX "index_active_admin_comments_on_resource_type_and_resource_id" ON "active_admin_comments" ("resource_type", "resource_id")[0m
  ↳ db/migrate/20181231082859_create_active_admin_comments.rb:3
  [1m[35m (0.1ms)[0m  [1m[35mCREATE  INDEX "index_active_admin_comments_on_author_type_and_author_id" ON "active_admin_comments" ("author_type", "author_id")[0m
  ↳ db/migrate/20181231082859_create_active_admin_comments.rb:3
  [1m[35m (0.1ms)[0m  [1m[35mCREATE  INDEX "index_active_admin_comments_on_namespace" ON "active_admin_comments" ("namespace")[0m
  ↳ db/migrate/20181231082859_create_active_admin_comments.rb:10
  [1m[36mActiveRecord::SchemaMigration Create (0.1ms)[0m  [1m[32mINSERT INTO "schema_migrations" ("version") VALUES (?)[0m  [["version", "20181231082859"]]
  ↳ /home/ajeeth/.rvm/gems/ruby-2.4.4/bin/rake:23
  [1m[35m (8.6ms)[0m  [1m[36mcommit transaction[0m
  ↳ /home/ajeeth/.rvm/gems/ruby-2.4.4/bin/rake:23
  [1m[36mActiveRecord::InternalMetadata Load (0.2ms)[0m  [1m[34mSELECT  "ar_internal_metadata".* FROM "ar_internal_metadata" WHERE "ar_internal_metadata"."key" = ? LIMIT ?[0m  [["key", "environment"], ["LIMIT", 1]]
  ↳ /home/ajeeth/.rvm/gems/ruby-2.4.4/bin/rake:23
  [1m[35m (0.1ms)[0m  [1m[36mbegin transaction[0m
  ↳ /home/ajeeth/.rvm/gems/ruby-2.4.4/bin/rake:23
  [1m[36mActiveRecord::InternalMetadata Create (7.9ms)[0m  [1m[32mINSERT INTO "ar_internal_metadata" ("key", "value", "created_at", "updated_at") VALUES (?, ?, ?, ?)[0m  [["key", "environment"], ["value", "development"], ["created_at", "2019-01-12 10:02:52.690372"], ["updated_at", "2019-01-12 10:02:52.690372"]]
  ↳ /home/ajeeth/.rvm/gems/ruby-2.4.4/bin/rake:23
  [1m[35m (15.4ms)[0m  [1m[36mcommit transaction[0m
  ↳ /home/ajeeth/.rvm/gems/ruby-2.4.4/bin/rake:23
  [1m[35m (0.1ms)[0m  [1m[34mSELECT "schema_migrations"."version" FROM "schema_migrations" ORDER BY "schema_migrations"."version" ASC[0m
  ↳ /home/ajeeth/.rvm/gems/ruby-2.4.4/bin/rake:23
Started GET "/admin/dashboard" for 127.0.0.1 at 2019-01-12 15:33:17 +0530
Processing by Admin::DashboardController#index as HTML
Completed 401 Unauthorized in 77ms (ActiveRecord: 0.0ms)


Started GET "/admin/login" for 127.0.0.1 at 2019-01-12 15:33:17 +0530
Processing by ActiveAdmin::Devise::SessionsController#new as HTML
Completed 401 Unauthorized in 3ms (ActiveRecord: 0.0ms)


Started GET "/admin/login" for 127.0.0.1 at 2019-01-12 15:33:17 +0530
Processing by ActiveAdmin::Devise::SessionsController#new as HTML
Completed 401 Unauthorized in 1ms (ActiveRecord: 0.0ms)


Started GET "/admin/login" for 127.0.0.1 at 2019-01-12 15:33:17 +0530
Processing by ActiveAdmin::Devise::SessionsController#new as HTML
Completed 401 Unauthorized in 1ms (ActiveRecord: 0.0ms)


Started GET "/admin/login" for 127.0.0.1 at 2019-01-12 15:33:17 +0530
Processing by ActiveAdmin::Devise::SessionsController#new as HTML
Completed 401 Unauthorized in 1ms (ActiveRecord: 0.0ms)


Started GET "/admin/login" for 127.0.0.1 at 2019-01-12 15:33:17 +0530
Processing by ActiveAdmin::Devise::SessionsController#new as HTML
Completed 401 Unauthorized in 1ms (ActiveRecord: 0.0ms)


Started GET "/admin/login" for 127.0.0.1 at 2019-01-12 15:33:17 +0530
Processing by ActiveAdmin::Devise::SessionsController#new as HTML
Completed 401 Unauthorized in 1ms (ActiveRecord: 0.0ms)


Started GET "/admin/login" for 127.0.0.1 at 2019-01-12 15:33:17 +0530
Processing by ActiveAdmin::Devise::SessionsController#new as HTML
Completed 401 Unauthorized in 1ms (ActiveRecord: 0.0ms)


Started GET "/admin/login" for 127.0.0.1 at 2019-01-12 15:33:17 +0530
Processing by ActiveAdmin::Devise::SessionsController#new as HTML
Completed 401 Unauthorized in 1ms (ActiveRecord: 0.0ms)


Started GET "/admin/login" for 127.0.0.1 at 2019-01-12 15:33:17 +0530
Processing by ActiveAdmin::Devise::SessionsController#new as HTML
Completed 401 Unauthorized in 1ms (ActiveRecord: 0.0ms)


Started GET "/admin/login" for 127.0.0.1 at 2019-01-12 15:33:17 +0530
Processing by ActiveAdmin::Devise::SessionsController#new as HTML
Completed 401 Unauthorized in 1ms (ActiveRecord: 0.0ms)


Started GET "/admin/login" for 127.0.0.1 at 2019-01-12 15:33:17 +0530
Processing by ActiveAdmin::Devise::SessionsController#new as HTML
Completed 401 Unauthorized in 4ms (ActiveRecord: 0.0ms)


Started GET "/admin/login" for 127.0.0.1 at 2019-01-12 15:33:17 +0530
Processing by ActiveAdmin::Devise::SessionsController#new as HTML
Completed 401 Unauthorized in 1ms (ActiveRecord: 0.0ms)


Started GET "/admin/login" for 127.0.0.1 at 2019-01-12 15:33:17 +0530
Processing by ActiveAdmin::Devise::SessionsController#new as HTML
Completed 401 Unauthorized in 3ms (ActiveRecord: 0.0ms)


Started GET "/admin/login" for 127.0.0.1 at 2019-01-12 15:33:17 +0530
Processing by ActiveAdmin::Devise::SessionsController#new as HTML
Completed 401 Unauthorized in 1ms (ActiveRecord: 0.0ms)


Started GET "/admin/login" for 127.0.0.1 at 2019-01-12 15:33:17 +0530
Processing by ActiveAdmin::Devise::SessionsController#new as HTML
Completed 401 Unauthorized in 1ms (ActiveRecord: 0.0ms)


Started GET "/admin/login" for 127.0.0.1 at 2019-01-12 15:33:17 +0530
Processing by ActiveAdmin::Devise::SessionsController#new as HTML
Completed 401 Unauthorized in 1ms (ActiveRecord: 0.0ms)


Started GET "/admin/login" for 127.0.0.1 at 2019-01-12 15:33:17 +0530
Processing by ActiveAdmin::Devise::SessionsController#new as HTML
Completed 401 Unauthorized in 1ms (ActiveRecord: 0.0ms)


Started GET "/admin/login" for 127.0.0.1 at 2019-01-12 15:33:17 +0530
Processing by ActiveAdmin::Devise::SessionsController#new as HTML
Completed 401 Unauthorized in 1ms (ActiveRecord: 0.0ms)


Started GET "/admin/login" for 127.0.0.1 at 2019-01-12 15:33:17 +0530
Processing by ActiveAdmin::Devise::SessionsController#new as HTML
Completed 401 Unauthorized in 1ms (ActiveRecord: 0.0ms)


Started GET "/admin/login" for 127.0.0.1 at 2019-01-12 15:33:17 +0530
Processing by ActiveAdmin::Devise::SessionsController#new as HTML
Completed 401 Unauthorized in 1ms (ActiveRecord: 0.0ms)


Started GET "/admin/login" for 127.0.0.1 at 2019-01-12 15:33:19 +0530
Processing by ActiveAdmin::Devise::SessionsController#new as HTML
Completed 401 Unauthorized in 1ms (ActiveRecord: 0.0ms)


Started GET "/admin/login" for 127.0.0.1 at 2019-01-12 15:33:19 +0530
Processing by ActiveAdmin::Devise::SessionsController#new as HTML
Completed 401 Unauthorized in 1ms (ActiveRecord: 0.0ms)


Started GET "/admin/login" for 127.0.0.1 at 2019-01-12 15:33:19 +0530
Processing by ActiveAdmin::Devise::SessionsController#new as HTML
Completed 401 Unauthorized in 1ms (ActiveRecord: 0.0ms)


Started GET "/admin/login" for 127.0.0.1 at 2019-01-12 15:33:19 +0530
Processing by ActiveAdmin::Devise::SessionsController#new as HTML
Completed 401 Unauthorized in 1ms (ActiveRecord: 0.0ms)


Started GET "/admin/login" for 127.0.0.1 at 2019-01-12 15:33:19 +0530
Processing by ActiveAdmin::Devise::SessionsController#new as HTML
Completed 401 Unauthorized in 1ms (ActiveRecord: 0.0ms)


Started GET "/admin/login" for 127.0.0.1 at 2019-01-12 15:33:19 +0530
Processing by ActiveAdmin::Devise::SessionsController#new as HTML
Completed 401 Unauthorized in 1ms (ActiveRecord: 0.0ms)


Started GET "/admin/login" for 127.0.0.1 at 2019-01-12 15:33:19 +0530
Processing by ActiveAdmin::Devise::SessionsController#new as HTML
Completed 401 Unauthorized in 1ms (ActiveRecord: 0.0ms)


Started GET "/admin/login" for 127.0.0.1 at 2019-01-12 15:33:19 +0530
Processing by ActiveAdmin::Devise::SessionsController#new as HTML
Completed 401 Unauthorized in 1ms (ActiveRecord: 0.0ms)


Started GET "/admin/login" for 127.0.0.1 at 2019-01-12 15:33:19 +0530
Processing by ActiveAdmin::Devise::SessionsController#new as HTML
Completed 401 Unauthorized in 1ms (ActiveRecord: 0.0ms)


Started GET "/admin/login" for 127.0.0.1 at 2019-01-12 15:33:19 +0530
Processing by ActiveAdmin::Devise::SessionsController#new as HTML
Completed 401 Unauthorized in 1ms (ActiveRecord: 0.0ms)


Started GET "/admin/login" for 127.0.0.1 at 2019-01-12 15:33:19 +0530
Processing by ActiveAdmin::Devise::SessionsController#new as HTML
Completed 401 Unauthorized in 1ms (ActiveRecord: 0.0ms)


Started GET "/admin/login" for 127.0.0.1 at 2019-01-12 15:33:19 +0530
Processing by ActiveAdmin::Devise::SessionsController#new as HTML
Completed 401 Unauthorized in 1ms (ActiveRecord: 0.0ms)


Started GET "/admin/login" for 127.0.0.1 at 2019-01-12 15:33:19 +0530
Processing by ActiveAdmin::Devise::SessionsController#new as HTML
Completed 401 Unauthorized in 1ms (ActiveRecord: 0.0ms)


Started GET "/admin/login" for 127.0.0.1 at 2019-01-12 15:33:19 +0530
Processing by ActiveAdmin::Devise::SessionsController#new as HTML
Completed 401 Unauthorized in 1ms (ActiveRecord: 0.0ms)


Started GET "/admin/login" for 127.0.0.1 at 2019-01-12 15:33:19 +0530
Processing by ActiveAdmin::Devise::SessionsController#new as HTML
Completed 401 Unauthorized in 1ms (ActiveRecord: 0.0ms)


Started GET "/admin/login" for 127.0.0.1 at 2019-01-12 15:33:19 +0530
Processing by ActiveAdmin::Devise::SessionsController#new as HTML
Completed 401 Unauthorized in 1ms (ActiveRecord: 0.0ms)


Started GET "/admin/login" for 127.0.0.1 at 2019-01-12 15:33:19 +0530
Processing by ActiveAdmin::Devise::SessionsController#new as HTML
Completed 401 Unauthorized in 1ms (ActiveRecord: 0.0ms)


Started GET "/admin/login" for 127.0.0.1 at 2019-01-12 15:33:19 +0530
Processing by ActiveAdmin::Devise::SessionsController#new as HTML
Completed 401 Unauthorized in 1ms (ActiveRecord: 0.0ms)


Started GET "/admin/login" for 127.0.0.1 at 2019-01-12 15:33:19 +0530
Processing by ActiveAdmin::Devise::SessionsController#new as HTML
Completed 401 Unauthorized in 1ms (ActiveRecord: 0.0ms)


Started GET "/admin/login" for 127.0.0.1 at 2019-01-12 15:33:19 +0530
Processing by ActiveAdmin::Devise::SessionsController#new as HTML
Completed 401 Unauthorized in 1ms (ActiveRecord: 0.0ms)


Started GET "/admin/login" for 127.0.0.1 at 2019-01-12 15:33:19 +0530
Processing by ActiveAdmin::Devise::SessionsController#new as HTML
Completed 401 Unauthorized in 1ms (ActiveRecord: 0.0ms)


Started GET "/admin/" for 127.0.0.1 at 2019-01-12 15:33:23 +0530
Processing by Admin::DashboardController#index as HTML
Completed 401 Unauthorized in 1ms (ActiveRecord: 0.0ms)


Started GET "/admin/login" for 127.0.0.1 at 2019-01-12 15:33:23 +0530
Processing by ActiveAdmin::Devise::SessionsController#new as HTML
Completed 401 Unauthorized in 1ms (ActiveRecord: 0.0ms)


Started GET "/admin/login" for 127.0.0.1 at 2019-01-12 15:33:23 +0530
Processing by ActiveAdmin::Devise::SessionsController#new as HTML
Completed 401 Unauthorized in 1ms (ActiveRecord: 0.0ms)


Started GET "/admin/login" for 127.0.0.1 at 2019-01-12 15:33:23 +0530
Processing by ActiveAdmin::Devise::SessionsController#new as HTML
Completed 401 Unauthorized in 1ms (ActiveRecord: 0.0ms)


Started GET "/admin/login" for 127.0.0.1 at 2019-01-12 15:33:23 +0530
Processing by ActiveAdmin::Devise::SessionsController#new as HTML
Completed 401 Unauthorized in 1ms (ActiveRecord: 0.0ms)


Started GET "/admin/login" for 127.0.0.1 at 2019-01-12 15:33:23 +0530
Processing by ActiveAdmin::Devise::SessionsController#new as HTML
Completed 401 Unauthorized in 1ms (ActiveRecord: 0.0ms)


Started GET "/admin/login" for 127.0.0.1 at 2019-01-12 15:33:23 +0530
Processing by ActiveAdmin::Devise::SessionsController#new as HTML
Completed 401 Unauthorized in 1ms (ActiveRecord: 0.0ms)


Started GET "/admin/login" for 127.0.0.1 at 2019-01-12 15:33:23 +0530
Processing by ActiveAdmin::Devise::SessionsController#new as HTML
Completed 401 Unauthorized in 1ms (ActiveRecord: 0.0ms)


Started GET "/admin/login" for 127.0.0.1 at 2019-01-12 15:33:23 +0530
Processing by ActiveAdmin::Devise::SessionsController#new as HTML
Completed 401 Unauthorized in 1ms (ActiveRecord: 0.0ms)


Started GET "/admin/login" for 127.0.0.1 at 2019-01-12 15:33:23 +0530
Processing by ActiveAdmin::Devise::SessionsController#new as HTML
Completed 401 Unauthorized in 1ms (ActiveRecord: 0.0ms)


Started GET "/admin/login" for 127.0.0.1 at 2019-01-12 15:33:23 +0530
Processing by ActiveAdmin::Devise::SessionsController#new as HTML
Completed 401 Unauthorized in 1ms (ActiveRecord: 0.0ms)


Started GET "/admin/login" for 127.0.0.1 at 2019-01-12 15:33:23 +0530
Processing by ActiveAdmin::Devise::SessionsController#new as HTML
Completed 401 Unauthorized in 1ms (ActiveRecord: 0.0ms)


Started GET "/admin/login" for 127.0.0.1 at 2019-01-12 15:33:23 +0530
Processing by ActiveAdmin::Devise::SessionsController#new as HTML
Completed 401 Unauthorized in 1ms (ActiveRecord: 0.0ms)


Started GET "/admin/login" for 127.0.0.1 at 2019-01-12 15:33:23 +0530
Processing by ActiveAdmin::Devise::SessionsController#new as HTML
Completed 401 Unauthorized in 1ms (ActiveRecord: 0.0ms)


Started GET "/admin/login" for 127.0.0.1 at 2019-01-12 15:33:23 +0530
Processing by ActiveAdmin::Devise::SessionsController#new as HTML
Completed 401 Unauthorized in 1ms (ActiveRecord: 0.0ms)


Started GET "/admin/login" for 127.0.0.1 at 2019-01-12 15:33:23 +0530
Processing by ActiveAdmin::Devise::SessionsController#new as HTML
Completed 401 Unauthorized in 1ms (ActiveRecord: 0.0ms)


Started GET "/admin/login" for 127.0.0.1 at 2019-01-12 15:33:23 +0530
Processing by ActiveAdmin::Devise::SessionsController#new as HTML
Completed 401 Unauthorized in 1ms (ActiveRecord: 0.0ms)


Started GET "/admin/login" for 127.0.0.1 at 2019-01-12 15:33:23 +0530
Processing by ActiveAdmin::Devise::SessionsController#new as HTML
Completed 401 Unauthorized in 1ms (ActiveRecord: 0.0ms)


Started GET "/admin/login" for 127.0.0.1 at 2019-01-12 15:33:23 +0530
Processing by ActiveAdmin::Devise::SessionsController#new as HTML
Completed 401 Unauthorized in 1ms (ActiveRecord: 0.0ms)


Started GET "/admin/login" for 127.0.0.1 at 2019-01-12 15:33:23 +0530
Processing by ActiveAdmin::Devise::SessionsController#new as HTML
Completed 401 Unauthorized in 1ms (ActiveRecord: 0.0ms)


Started GET "/admin/login" for 127.0.0.1 at 2019-01-12 15:33:23 +0530
Processing by ActiveAdmin::Devise::SessionsController#new as HTML
Completed 401 Unauthorized in 1ms (ActiveRecord: 0.0ms)


Started GET "/admin/users/2" for 127.0.0.1 at 2019-01-12 15:33:27 +0530
Processing by Admin::UsersController#show as HTML
  Parameters: {"id"=>"2"}
Completed 401 Unauthorized in 1ms (ActiveRecord: 0.0ms)


Started GET "/admin/login" for 127.0.0.1 at 2019-01-12 15:33:27 +0530
Processing by ActiveAdmin::Devise::SessionsController#new as HTML
Completed 401 Unauthorized in 1ms (ActiveRecord: 0.0ms)


Started GET "/admin/login" for 127.0.0.1 at 2019-01-12 15:33:27 +0530
Processing by ActiveAdmin::Devise::SessionsController#new as HTML
Completed 401 Unauthorized in 1ms (ActiveRecord: 0.0ms)


Started GET "/admin/login" for 127.0.0.1 at 2019-01-12 15:33:27 +0530
Processing by ActiveAdmin::Devise::SessionsController#new as HTML
Completed 401 Unauthorized in 1ms (ActiveRecord: 0.0ms)


Started GET "/admin/login" for 127.0.0.1 at 2019-01-12 15:33:27 +0530
Processing by ActiveAdmin::Devise::SessionsController#new as HTML
Completed 401 Unauthorized in 1ms (ActiveRecord: 0.0ms)


Started GET "/admin/login" for 127.0.0.1 at 2019-01-12 15:33:27 +0530
Processing by ActiveAdmin::Devise::SessionsController#new as HTML
Completed 401 Unauthorized in 1ms (ActiveRecord: 0.0ms)


Started GET "/admin/login" for 127.0.0.1 at 2019-01-12 15:33:27 +0530
Processing by ActiveAdmin::Devise::SessionsController#new as HTML
Completed 401 Unauthorized in 1ms (ActiveRecord: 0.0ms)


Started GET "/admin/login" for 127.0.0.1 at 2019-01-12 15:33:27 +0530
Processing by ActiveAdmin::Devise::SessionsController#new as HTML
Completed 401 Unauthorized in 1ms (ActiveRecord: 0.0ms)


Started GET "/admin/login" for 127.0.0.1 at 2019-01-12 15:33:27 +0530
Processing by ActiveAdmin::Devise::SessionsController#new as HTML
Completed 401 Unauthorized in 1ms (ActiveRecord: 0.0ms)


Started GET "/admin/login" for 127.0.0.1 at 2019-01-12 15:33:27 +0530
Processing by ActiveAdmin::Devise::SessionsController#new as HTML
Completed 401 Unauthorized in 1ms (ActiveRecord: 0.0ms)


Started GET "/admin/login" for 127.0.0.1 at 2019-01-12 15:33:27 +0530
Processing by ActiveAdmin::Devise::SessionsController#new as HTML
Completed 401 Unauthorized in 8ms (ActiveRecord: 0.0ms)


Started GET "/admin/login" for 127.0.0.1 at 2019-01-12 15:33:27 +0530
Processing by ActiveAdmin::Devise::SessionsController#new as HTML
Completed 401 Unauthorized in 1ms (ActiveRecord: 0.0ms)


Started GET "/admin/login" for 127.0.0.1 at 2019-01-12 15:33:27 +0530
Processing by ActiveAdmin::Devise::SessionsController#new as HTML
Completed 401 Unauthorized in 1ms (ActiveRecord: 0.0ms)


Started GET "/admin/login" for 127.0.0.1 at 2019-01-12 15:33:27 +0530
Processing by ActiveAdmin::Devise::SessionsController#new as HTML
Completed 401 Unauthorized in 2ms (ActiveRecord: 0.0ms)


Started GET "/admin/login" for 127.0.0.1 at 2019-01-12 15:33:27 +0530
Processing by ActiveAdmin::Devise::SessionsController#new as HTML
Completed 401 Unauthorized in 1ms (ActiveRecord: 0.0ms)


Started GET "/admin/login" for 127.0.0.1 at 2019-01-12 15:33:27 +0530
Processing by ActiveAdmin::Devise::SessionsController#new as HTML
Completed 401 Unauthorized in 1ms (ActiveRecord: 0.0ms)


Started GET "/admin/login" for 127.0.0.1 at 2019-01-12 15:33:27 +0530
Processing by ActiveAdmin::Devise::SessionsController#new as HTML
Completed 401 Unauthorized in 1ms (ActiveRecord: 0.0ms)


Started GET "/admin/login" for 127.0.0.1 at 2019-01-12 15:33:27 +0530
Processing by ActiveAdmin::Devise::SessionsController#new as HTML
Completed 401 Unauthorized in 1ms (ActiveRecord: 0.0ms)


Started GET "/admin/login" for 127.0.0.1 at 2019-01-12 15:33:27 +0530
Processing by ActiveAdmin::Devise::SessionsController#new as HTML
Completed 401 Unauthorized in 1ms (ActiveRecord: 0.0ms)


Started GET "/admin/login" for 127.0.0.1 at 2019-01-12 15:33:27 +0530
Processing by ActiveAdmin::Devise::SessionsController#new as HTML
Completed 401 Unauthorized in 1ms (ActiveRecord: 0.0ms)


Started GET "/admin/login" for 127.0.0.1 at 2019-01-12 15:33:27 +0530
Processing by ActiveAdmin::Devise::SessionsController#new as HTML
Completed 401 Unauthorized in 1ms (ActiveRecord: 0.0ms)


Started GET "/admin/login" for 127.0.0.1 at 2019-01-12 15:34:26 +0530
  [1m[35m (0.2ms)[0m  [1m[34mSELECT "schema_migrations"."version" FROM "schema_migrations" ORDER BY "schema_migrations"."version" ASC[0m
  ↳ /home/ajeeth/.rvm/gems/ruby-2.4.4/gems/activerecord-5.2.2/lib/active_record/log_subscriber.rb:98
Processing by ActiveAdmin::Devise::SessionsController#new as HTML
  Rendering /home/ajeeth/.rvm/gems/ruby-2.4.4/gems/activeadmin-1.4.3/app/views/active_admin/devise/sessions/new.html.erb within layouts/active_admin_logged_out
  Rendered /home/ajeeth/.rvm/gems/ruby-2.4.4/gems/activeadmin-1.4.3/app/views/active_admin/devise/shared/_links.erb (1.7ms)
  Rendered /home/ajeeth/.rvm/gems/ruby-2.4.4/gems/activeadmin-1.4.3/app/views/active_admin/devise/sessions/new.html.erb within layouts/active_admin_logged_out (113.8ms)
Started GET "/" for 127.0.0.1 at 2019-01-12 15:34:35 +0530
Completed 200 OK in 10955ms (Views: 10901.3ms | ActiveRecord: 0.7ms)


Processing by MediumController#index as HTML
Started GET "/admin/login" for 127.0.0.1 at 2019-01-12 15:34:37 +0530
Completed 401 Unauthorized in 1ms (ActiveRecord: 0.0ms)


Processing by ActiveAdmin::Devise::SessionsController#new as HTML
  Rendering /home/ajeeth/.rvm/gems/ruby-2.4.4/gems/activeadmin-1.4.3/app/views/active_admin/devise/sessions/new.html.erb within layouts/active_admin_logged_out
  Rendered /home/ajeeth/.rvm/gems/ruby-2.4.4/gems/activeadmin-1.4.3/app/views/active_admin/devise/shared/_links.erb (1.1ms)
  Rendered /home/ajeeth/.rvm/gems/ruby-2.4.4/gems/activeadmin-1.4.3/app/views/active_admin/devise/sessions/new.html.erb within layouts/active_admin_logged_out (61.4ms)
Completed 200 OK in 257ms (Views: 255.1ms | ActiveRecord: 0.0ms)


